TN:
SF:src/modules/heroes/services/CreateHeroService.ts
FN:14,(anonymous_18)
FN:15,CreateHeroService
FN:20,(anonymous_20)
FNF:3
FNH:3
FNDA:1,(anonymous_18)
FNDA:2,CreateHeroService
FNDA:3,(anonymous_20)
DA:1,1
DA:2,1
DA:14,1
DA:17,2
DA:20,1
DA:21,3
DA:22,3
DA:23,3
DA:24,3
DA:26,3
DA:28,3
DA:29,1
DA:32,2
DA:39,2
DA:41,1
DA:43,1
LF:16
LH:16
BRDA:26,0,0,3
BRDA:28,1,0,1
BRDA:28,1,1,2
BRF:3
BRH:3
end_of_record
TN:
SF:src/modules/heroes/services/DeleteHeroService.ts
FN:6,(anonymous_18)
FN:7,DeleteHeroService
FN:12,(anonymous_20)
FNF:3
FNH:3
FNDA:1,(anonymous_18)
FNDA:3,DeleteHeroService
FNDA:3,(anonymous_20)
DA:1,1
DA:2,1
DA:6,1
DA:9,3
DA:12,1
DA:13,3
DA:15,3
DA:16,1
DA:19,2
DA:20,1
DA:23,1
DA:25,1
DA:27,1
LF:13
LH:13
BRDA:13,0,0,3
BRDA:15,1,0,1
BRDA:15,1,1,2
BRDA:19,2,0,1
BRDA:19,2,1,1
BRF:5
BRH:5
end_of_record
TN:
SF:src/modules/heroes/services/ListAvailableHeroesService.ts
FN:7,(anonymous_17)
FN:8,ListAvailableHeroesService
FN:13,(anonymous_19)
FNF:3
FNH:3
FNDA:1,(anonymous_17)
FNDA:1,ListAvailableHeroesService
FNDA:1,(anonymous_19)
DA:1,1
DA:7,1
DA:10,1
DA:13,1
DA:14,1
DA:16,1
DA:18,1
DA:20,1
LF:8
LH:8
BRDA:14,0,0,1
BRF:1
BRH:1
end_of_record
TN:
SF:src/modules/heroes/services/ListHeroesService.ts
FN:7,(anonymous_17)
FN:8,ListHeroesService
FN:13,(anonymous_19)
FNF:3
FNH:3
FNDA:1,(anonymous_17)
FNDA:1,ListHeroesService
FNDA:1,(anonymous_19)
DA:1,1
DA:7,1
DA:10,1
DA:13,1
DA:14,1
DA:16,1
DA:18,1
DA:20,1
LF:8
LH:8
BRDA:14,0,0,1
BRF:1
BRH:1
end_of_record
TN:
SF:src/modules/heroes/services/ListUnavailableHeroesService.ts
FN:12,(anonymous_19)
FN:13,ListAvailableHeroesService
FN:18,(anonymous_21)
FN:21,(anonymous_24)
FNF:4
FNH:4
FNDA:1,(anonymous_19)
FNDA:1,ListAvailableHeroesService
FNDA:1,(anonymous_21)
FNDA:2,(anonymous_24)
DA:1,1
DA:12,1
DA:15,1
DA:18,1
DA:19,1
DA:21,2
DA:26,1
DA:28,1
DA:30,1
LF:9
LH:9
BRDA:19,0,0,1
BRF:1
BRH:1
end_of_record
TN:
SF:src/modules/heroes/services/ShowHeroService.ts
FN:7,(anonymous_17)
FN:8,ShowHeroService
FN:13,(anonymous_19)
FNF:3
FNH:3
FNDA:1,(anonymous_17)
FNDA:1,ShowHeroService
FNDA:1,(anonymous_19)
DA:1,1
DA:7,1
DA:10,1
DA:13,1
DA:14,1
DA:16,1
DA:18,1
DA:20,1
LF:8
LH:8
BRDA:14,0,0,1
BRF:1
BRH:1
end_of_record
TN:
SF:src/modules/heroes/services/UpdateHeroService.ts
FN:15,(anonymous_18)
FN:16,UpdateHeroService
FN:21,(anonymous_20)
FNF:3
FNH:3
FNDA:1,(anonymous_18)
FNDA:4,UpdateHeroService
FNDA:4,(anonymous_20)
DA:1,1
DA:2,1
DA:15,1
DA:18,4
DA:21,1
DA:22,4
DA:23,4
DA:24,4
DA:25,4
DA:26,4
DA:28,4
DA:30,4
DA:31,1
DA:34,4
DA:35,2
DA:37,2
DA:38,1
DA:42,2
DA:49,2
DA:51,1
DA:53,1
LF:21
LH:21
BRDA:28,0,0,4
BRDA:30,1,0,1
BRDA:30,1,1,3
BRDA:34,2,0,1
BRDA:34,2,1,2
BRDA:37,3,0,1
BRDA:37,3,1,1
BRF:7
BRH:7
end_of_record
TN:
SF:src/modules/occurrences/services/AssignOccurrenceService.ts
FN:12,(anonymous_20)
FN:13,AssignOccurrenceService
FN:24,(anonymous_22)
FN:51,(anonymous_25)
FN:64,(anonymous_26)
FN:68,(anonymous_27)
FN:78,(anonymous_28)
FN:98,(anonymous_29)
FN:111,(anonymous_30)
FN:125,(anonymous_31)
FN:143,(anonymous_32)
FN:157,(anonymous_33)
FNF:12
FNH:12
FNDA:1,(anonymous_20)
FNDA:6,AssignOccurrenceService
FNDA:6,(anonymous_22)
FNDA:18,(anonymous_25)
FNDA:8,(anonymous_26)
FNDA:6,(anonymous_27)
FNDA:6,(anonymous_28)
FNDA:3,(anonymous_29)
FNDA:8,(anonymous_30)
FNDA:4,(anonymous_31)
FNDA:5,(anonymous_32)
FNDA:5,(anonymous_33)
DA:1,1
DA:2,1
DA:4,1
DA:12,1
DA:15,6
DA:18,6
DA:21,6
DA:24,1
DA:25,6
DA:27,6
DA:28,0
DA:31,6
DA:33,6
DA:39,1
DA:42,5
DA:44,5
DA:48,5
DA:50,5
DA:51,18
DA:54,7
DA:55,3
DA:57,3
DA:58,3
DA:59,3
DA:60,10
DA:61,10
DA:64,3
DA:65,8
DA:68,3
DA:69,6
DA:76,3
DA:77,3
DA:78,6
DA:82,3
DA:83,1
DA:88,8
DA:89,2
DA:91,2
DA:92,2
DA:93,2
DA:94,3
DA:95,3
DA:98,2
DA:99,3
DA:102,2
DA:103,2
DA:107,5
DA:108,1
DA:111,4
DA:112,8
DA:117,8
DA:125,4
DA:126,4
DA:127,3
DA:128,2
DA:131,4
DA:132,4
DA:134,4
DA:135,5
DA:136,5
DA:138,5
DA:139,4
DA:143,5
DA:150,4
DA:152,8
DA:157,5
DA:159,8
DA:161,1
DA:163,1
LF:69
LH:68
BRDA:25,0,0,6
BRDA:27,1,0,0
BRDA:27,1,1,6
BRDA:33,2,0,1
BRDA:33,2,1,5
BRDA:34,3,0,6
BRDA:34,3,1,3
BRDA:34,3,2,1
BRDA:34,3,3,1
BRDA:54,4,0,2
BRDA:54,4,1,3
BRDA:76,5,0,3
BRDA:76,5,1,0
BRDA:82,6,0,1
BRDA:82,6,1,2
BRDA:88,7,0,3
BRDA:88,7,1,2
BRDA:102,8,0,2
BRDA:102,8,1,0
BRDA:107,9,0,1
BRDA:107,9,1,4
BRDA:126,10,0,1
BRDA:126,10,1,3
BRDA:127,11,0,1
BRDA:127,11,1,2
BRDA:138,12,0,4
BRDA:138,12,1,1
BRF:27
BRH:24
end_of_record
TN:
SF:src/modules/occurrences/services/CreateOccurrenceService.ts
FN:15,(anonymous_18)
FN:16,CreateOccurrenceService
FN:21,(anonymous_20)
FNF:3
FNH:3
FNDA:1,(anonymous_18)
FNDA:1,CreateOccurrenceService
FNDA:1,(anonymous_20)
DA:1,1
DA:3,1
DA:15,1
DA:18,1
DA:21,1
DA:22,1
DA:23,1
DA:24,1
DA:25,1
DA:27,1
DA:30,1
DA:38,1
DA:40,1
DA:42,1
LF:14
LH:14
BRF:0
BRH:0
end_of_record
TN:
SF:src/modules/occurrences/services/ListInProgressOccurrencesService.ts
FN:9,(anonymous_19)
FN:10,ListInProgressOccurrencesService
FN:18,(anonymous_21)
FN:23,(anonymous_24)
FN:27,(anonymous_25)
FNF:5
FNH:4
FNDA:1,(anonymous_19)
FNDA:1,ListInProgressOccurrencesService
FNDA:1,(anonymous_21)
FNDA:1,(anonymous_24)
FNDA:0,(anonymous_25)
DA:1,1
DA:2,1
DA:9,1
DA:12,1
DA:15,1
DA:18,1
DA:19,1
DA:23,1
DA:26,1
DA:27,0
DA:30,1
DA:31,0
DA:33,1
DA:36,1
DA:43,1
DA:45,1
DA:47,1
LF:17
LH:15
BRDA:19,0,0,1
BRDA:30,1,0,0
BRDA:30,1,1,1
BRF:3
BRH:2
end_of_record
TN:
SF:src/modules/occurrences/services/ListOpenOccurrencesService.ts
FN:12,(anonymous_19)
FN:13,ListOpenOccurrencesService
FN:18,(anonymous_21)
FN:21,(anonymous_24)
FNF:4
FNH:4
FNDA:1,(anonymous_19)
FNDA:1,ListOpenOccurrencesService
FNDA:1,(anonymous_21)
FNDA:1,(anonymous_24)
DA:1,1
DA:2,1
DA:12,1
DA:15,1
DA:18,1
DA:19,1
DA:21,1
DA:22,1
DA:24,1
DA:25,1
DA:31,1
DA:33,1
DA:35,1
LF:13
LH:13
BRDA:19,0,0,1
BRF:1
BRH:1
end_of_record
TN:
SF:src/modules/occurrences/services/ListSolvedOccurrencesService.ts
FN:8,(anonymous_19)
FN:9,ListSolvedOccurrencesService
FN:14,(anonymous_21)
FN:17,(anonymous_24)
FNF:4
FNH:4
FNDA:1,(anonymous_19)
FNDA:1,ListSolvedOccurrencesService
FNDA:1,(anonymous_21)
FNDA:1,(anonymous_24)
DA:1,1
DA:2,1
DA:8,1
DA:11,1
DA:14,1
DA:15,1
DA:17,1
DA:22,1
DA:24,1
DA:26,1
LF:10
LH:10
BRDA:15,0,0,1
BRF:1
BRH:1
end_of_record
TN:
SF:src/modules/occurrences/services/SetSolvedOccurrenceService.ts
FN:8,(anonymous_18)
FN:9,SetSolvedOccurrenceService
FN:20,(anonymous_20)
FN:36,(anonymous_23)
FN:39,(anonymous_24)
FNF:5
FNH:5
FNDA:1,(anonymous_18)
FNDA:3,SetSolvedOccurrenceService
FNDA:4,(anonymous_20)
FNDA:2,(anonymous_23)
FNDA:2,(anonymous_24)
DA:1,1
DA:2,1
DA:8,1
DA:11,3
DA:14,3
DA:17,3
DA:20,1
DA:21,4
DA:23,4
DA:24,1
DA:27,3
DA:28,1
DA:31,2
DA:35,2
DA:36,2
DA:39,2
DA:41,4
DA:42,4
DA:44,1
DA:46,1
LF:20
LH:20
BRDA:21,0,0,4
BRDA:23,1,0,1
BRDA:23,1,1,3
BRDA:27,2,0,1
BRDA:27,2,1,2
BRF:5
BRH:5
end_of_record
TN:
SF:src/modules/occurrences/services/ShowOccurrenceService.ts
FN:16,(anonymous_18)
FN:17,ShowOccurrenceService
FN:22,(anonymous_20)
FN:29,(anonymous_23)
FNF:4
FNH:3
FNDA:1,(anonymous_18)
FNDA:2,ShowOccurrenceService
FNDA:2,(anonymous_20)
FNDA:0,(anonymous_23)
DA:1,1
DA:2,1
DA:5,1
DA:16,1
DA:19,2
DA:22,1
DA:23,2
DA:25,2
DA:26,1
DA:29,1
DA:31,1
DA:33,1
DA:39,1
DA:41,1
LF:14
LH:14
BRDA:23,0,0,2
BRDA:25,1,0,1
BRDA:25,1,1,1
BRF:3
BRH:3
end_of_record
TN:
SF:src/modules/users/services/AuthenticateUserService.ts
FN:22,(anonymous_18)
FN:23,AuthenticateUserService
FN:31,(anonymous_20)
FNF:3
FNH:3
FNDA:1,(anonymous_18)
FNDA:3,AuthenticateUserService
FNDA:3,(anonymous_20)
DA:1,1
DA:2,1
DA:3,1
DA:5,1
DA:22,1
DA:25,3
DA:28,3
DA:31,3
DA:32,3
DA:34,3
DA:35,1
DA:38,2
DA:43,2
DA:44,1
DA:47,1
DA:49,1
DA:54,1
DA:59,1
DA:61,1
LF:19
LH:19
BRDA:32,0,0,3
BRDA:34,1,0,1
BRDA:34,1,1,2
BRDA:43,2,0,1
BRDA:43,2,1,1
BRF:5
BRH:5
end_of_record
TN:
SF:src/modules/users/services/CreateUserService.ts
FN:16,(anonymous_18)
FN:17,CreateUserService
FN:25,(anonymous_20)
FNF:3
FNH:3
FNDA:1,(anonymous_18)
FNDA:2,CreateUserService
FNDA:3,(anonymous_20)
DA:1,1
DA:3,1
DA:16,1
DA:19,2
DA:22,2
DA:25,3
DA:26,3
DA:28,3
DA:29,1
DA:32,2
DA:34,2
DA:40,2
DA:42,1
DA:44,1
LF:14
LH:14
BRDA:26,0,0,3
BRDA:28,1,0,1
BRDA:28,1,1,2
BRF:3
BRH:3
end_of_record
TN:
SF:src/modules/users/services/ShowProfileService.ts
FN:9,(anonymous_18)
FN:10,ShowProfileService
FN:15,(anonymous_20)
FNF:3
FNH:3
FNDA:1,(anonymous_18)
FNDA:2,ShowProfileService
FNDA:2,(anonymous_20)
DA:1,1
DA:3,1
DA:9,1
DA:12,2
DA:15,1
DA:16,2
DA:18,2
DA:20,1
DA:22,1
DA:24,1
LF:10
LH:10
BRDA:16,0,0,2
BRDA:18,1,0,1
BRDA:18,1,1,1
BRF:3
BRH:3
end_of_record
TN:
SF:src/modules/users/services/UpdateProfileService.ts
FN:17,(anonymous_18)
FN:18,UpdateProfileService
FN:26,(anonymous_20)
FNF:3
FNH:3
FNDA:1,(anonymous_18)
FNDA:6,UpdateProfileService
FNDA:6,(anonymous_20)
DA:1,1
DA:3,1
DA:17,1
DA:20,6
DA:23,6
DA:26,1
DA:27,6
DA:28,6
DA:29,6
DA:30,6
DA:31,6
DA:33,6
DA:35,6
DA:37,5
DA:41,5
DA:45,1
DA:47,4
DA:48,4
DA:50,4
DA:51,1
DA:54,4
DA:55,2
DA:60,2
DA:61,1
DA:64,1
DA:67,2
DA:69,1
DA:71,1
LF:28
LH:28
BRDA:33,0,0,6
BRDA:33,0,1,2
BRDA:35,1,0,1
BRDA:35,1,1,5
BRDA:41,2,0,1
BRDA:41,2,1,4
BRDA:42,3,0,5
BRDA:42,3,1,1
BRDA:50,4,0,1
BRDA:50,4,1,3
BRDA:50,5,0,4
BRDA:50,5,1,3
BRDA:54,6,0,1
BRDA:54,6,1,2
BRDA:54,7,0,3
BRDA:54,7,1,2
BRDA:60,8,0,1
BRDA:60,8,1,1
BRF:18
BRH:18
end_of_record
